This is pdfTeX, Version 3.1415926-2.5-1.40.14 (TeX Live 2013) (format=pdflatex 2013.12.14)  7 JAN 2014 01:29
entering extended mode
 restricted \write18 enabled.
 file:line:error style messages enabled.
 %&-line parsing enabled.
**thesis.tex
(./thesis.tex
LaTeX2e <2011/06/27>
Babel <3.9h> and hyphenation patterns for 78 languages loaded.
(/usr/local/texlive/2013/texmf-dist/tex/latex/base/book.cls
Document Class: book 2007/10/19 v1.4h Standard LaTeX document class
(/usr/local/texlive/2013/texmf-dist/tex/latex/base/bk12.clo
File: bk12.clo 2007/10/19 v1.4h Standard LaTeX file (size option)
)
\c@part=\count79
\c@chapter=\count80
\c@section=\count81
\c@subsection=\count82
\c@subsubsection=\count83
\c@paragraph=\count84
\c@subparagraph=\count85
\c@figure=\count86
\c@table=\count87
\abovecaptionskip=\skip41
\belowcaptionskip=\skip42
\bibindent=\dimen102
)
\@input{thesispreamble.tex.aux}
\openout2 = `thesispreamble.tex.aux'.

No file thesispreamble.tex.tex.
(./thesis.aux (./frontmatter/abstract.aux) (./frontmatter/acknowledgments.aux)
(./chapters/chap1.tex.aux) (./chapters/chap2.tex.aux) (./chapters/chap3.tex.aux
) (./chapters/chap4.tex.aux) (./chapters/chap5.tex.aux))
\openout1 = `thesis.aux'.

LaTeX Font Info:    Checking defaults for OML/cmm/m/it on input line 14.
LaTeX Font Info:    ... okay on input line 14.
LaTeX Font Info:    Checking defaults for T1/cmr/m/n on input line 14.
LaTeX Font Info:    ... okay on input line 14.
LaTeX Font Info:    Checking defaults for OT1/cmr/m/n on input line 14.
LaTeX Font Info:    ... okay on input line 14.
LaTeX Font Info:    Checking defaults for OMS/cmsy/m/n on input line 14.
LaTeX Font Info:    ... okay on input line 14.
LaTeX Font Info:    Checking defaults for OMX/cmex/m/n on input line 14.
LaTeX Font Info:    ... okay on input line 14.
LaTeX Font Info:    Checking defaults for U/cmr/m/n on input line 14.
LaTeX Font Info:    ... okay on input line 14.

./thesis.tex:15: Undefined control sequence.
l.15 \onehalfspace
                  
The control sequence at the end of the top line
of your error message was never \def'ed. If you have
misspelled it (e.g., `\hobx'), type `I' and the correct
spelling (e.g., `I\hbox'). Otherwise just continue,
and I'll forget about whatever was undefined.

./thesis.tex:22: Undefined control sequence.
l.22 \degree
            {That Degree You're Studying} % Write it in full: e.g. Bachelor ...
The control sequence at the end of the top line
of your error message was never \def'ed. If you have
misspelled it (e.g., `\hobx'), type `I' and the correct
spelling (e.g., `I\hbox'). Otherwise just continue,
and I'll forget about whatever was undefined.

./thesis.tex:23: Undefined control sequence.
l.23 \supervisors
                 [2]{Dr. J Bloggs \& Professor J. Citizen} % The optional ar...
The control sequence at the end of the top line
of your error message was never \def'ed. If you have
misspelled it (e.g., `\hobx'), type `I' and the correct
spelling (e.g., `I\hbox'). Otherwise just continue,
and I'll forget about whatever was undefined.

./thesis.tex:24: Undefined control sequence.
l.24 \school
            {Your School} % e.g Chemistry
The control sequence at the end of the top line
of your error message was never \def'ed. If you have
misspelled it (e.g., `\hobx'), type `I' and the correct
spelling (e.g., `I\hbox'). Otherwise just continue,
and I'll forget about whatever was undefined.

[1{/usr/local/texlive/2013/texmf-var/fonts/map/pdftex/updmap/pdftex.map}



]
./thesis.tex:28: Undefined control sequence.
<argument> \undefinedpagestyle 
                               
l.28 \pagestyle{fancy}
                      
The control sequence at the end of the top line
of your error message was never \def'ed. If you have
misspelled it (e.g., `\hobx'), type `I' and the correct
spelling (e.g., `I\hbox'). Otherwise just continue,
and I'll forget about whatever was undefined.

LaTeX Font Info:    External font `cmex10' loaded for size
(Font)              <14.4> on input line 29.
LaTeX Font Info:    External font `cmex10' loaded for size
(Font)              <7> on input line 29.
[1


]
./thesis.tex:30: Undefined control sequence.
l.30 \declaration
                 
The control sequence at the end of the top line
of your error message was never \def'ed. If you have
misspelled it (e.g., `\hobx'), type `I' and the correct
spelling (e.g., `I\hbox'). Otherwise just continue,
and I'll forget about whatever was undefined.

\openout2 = `./frontmatter/abstract.aux'.

(./frontmatter/abstract.tex) [1


]
\openout2 = `./frontmatter/acknowledgments.aux'.

 (./frontmatter/acknowledgments.tex) [2



]
./thesis.tex:36: Undefined control sequence.
l.36 \phantomsection
                     \pdfbookmark[0]{Contents}{Contents} % These \phantomsec...
The control sequence at the end of the top line
of your error message was never \def'ed. If you have
misspelled it (e.g., `\hobx'), type `I' and the correct
spelling (e.g., `I\hbox'). Otherwise just continue,
and I'll forget about whatever was undefined.

./thesis.tex:36: Undefined control sequence.
l.36 \phantomsection \pdfbookmark
                                 [0]{Contents}{Contents} % These \phantomsec...
The control sequence at the end of the top line
of your error message was never \def'ed. If you have
misspelled it (e.g., `\hobx'), type `I' and the correct
spelling (e.g., `I\hbox'). Otherwise just continue,
and I'll forget about whatever was undefined.

[3


] (./thesis.toc)
\tf@toc=\write3
\openout3 = `thesis.toc'.

 [4

]
./thesis.tex:56: Undefined control sequence.
<argument> \undefinedpagestyle 
                               
l.56 \pagestyle{fancy}
                      
The control sequence at the end of the top line
of your error message was never \def'ed. If you have
misspelled it (e.g., `\hobx'), type `I' and the correct
spelling (e.g., `I\hbox'). Otherwise just continue,
and I'll forget about whatever was undefined.

\openout2 = `chapters/chap1.tex.aux'.

No file chapters/chap1.tex.tex.
\openout2 = `chapters/chap2.tex.aux'.

No file chapters/chap2.tex.tex.
\openout2 = `chapters/chap3.tex.aux'.

No file chapters/chap3.tex.tex.
\openout2 = `chapters/chap4.tex.aux'.

No file chapters/chap4.tex.tex.
\openout2 = `chapters/chap5.tex.aux'.

No file chapters/chap5.tex.tex.
(./thesis.aux (./frontmatter/abstract.aux) (./frontmatter/acknowledgments.aux)
(./chapters/chap1.tex.aux) (./chapters/chap2.tex.aux) (./chapters/chap3.tex.aux
) (./chapters/chap4.tex.aux) (./chapters/chap5.tex.aux)) ) 
Here is how much of TeX's memory you used:
 292 strings out of 493308
 3701 string characters out of 6137815
 52636 words of memory out of 5000000
 3787 multiletter control sequences out of 15000+600000
 6415 words of font info for 23 fonts, out of 8000000 for 9000
 957 hyphenation exceptions out of 8191
 22i,6n,19p,235b,179s stack positions out of 5000i,500n,10000p,200000b,80000s
</usr/local/texlive/2
013/texmf-dist/fonts/type1/public/amsfonts/cm/cmbx12.pfb></usr/local/texlive/20
13/texmf-dist/fonts/type1/public/amsfonts/cm/cmr12.pfb></usr/local/texlive/2013
/texmf-dist/fonts/type1/public/amsfonts/cm/cmr17.pfb>
Output written on thesis.pdf (6 pages, 36179 bytes).
PDF statistics:
 35 PDF objects out of 1000 (max. 8388607)
 23 compressed objects within 1 object stream
 0 named destinations out of 1000 (max. 500000)
 1 words of extra memory for PDF output out of 10000 (max. 10000000)

