This is XeTeX, Version 3.1415926-2.5-0.9999.3 (TeX Live 2013) (format=xelatex 2013.7.16)  7 JAN 2014 01:12
entering extended mode
 restricted \write18 enabled.
 file:line:error style messages enabled.
 %&-line parsing enabled.
**uowthesistitlepage_doc.tex
(./uowthesistitlepage_doc.tex
LaTeX2e <2011/06/27>
Babel <3.9f> and hyphenation patterns for 78 languages loaded.
(/usr/local/texlive/2013/texmf-dist/tex/latex/base/article.cls
Document Class: article 2007/10/19 v1.4h Standard LaTeX document class
(/usr/local/texlive/2013/texmf-dist/tex/latex/base/size12.clo
File: size12.clo 2007/10/19 v1.4h Standard LaTeX file (size option)
)
\c@part=\count80
\c@section=\count81
\c@subsection=\count82
\c@subsubsection=\count83
\c@paragraph=\count84
\c@subparagraph=\count85
\c@figure=\count86
\c@table=\count87
\abovecaptionskip=\skip41
\belowcaptionskip=\skip42
\bibindent=\dimen102
)
(/usr/local/texlive/2013/texmf-dist/tex/latex/geometry/geometry.sty
Package: geometry 2010/09/12 v5.6 Page Geometry

(/usr/local/texlive/2013/texmf-dist/tex/latex/graphics/keyval.sty
Package: keyval 1999/03/16 v1.13 key=value parser (DPC)
\KV@toks@=\toks14
)
(/usr/local/texlive/2013/texmf-dist/tex/generic/oberdiek/ifpdf.sty
Package: ifpdf 2011/01/30 v2.3 Provides the ifpdf switch (HO)
Package ifpdf Info: pdfTeX in PDF mode is not detected.
)
(/usr/local/texlive/2013/texmf-dist/tex/generic/oberdiek/ifvtex.sty
Package: ifvtex 2010/03/01 v1.5 Detect VTeX and its facilities (HO)
Package ifvtex Info: VTeX not detected.
)
(/usr/local/texlive/2013/texmf-dist/tex/generic/ifxetex/ifxetex.sty
Package: ifxetex 2010/09/12 v0.6 Provides ifxetex conditional
)
\Gm@cnth=\count88
\Gm@cntv=\count89
\c@Gm@tempcnt=\count90
\Gm@bindingoffset=\dimen103
\Gm@wd@mp=\dimen104
\Gm@odd@mp=\dimen105
\Gm@even@mp=\dimen106
\Gm@layoutwidth=\dimen107
\Gm@layoutheight=\dimen108
\Gm@layouthoffset=\dimen109
\Gm@layoutvoffset=\dimen110
\Gm@dimlist=\toks15
)
(/usr/local/texlive/2013/texmf-dist/tex/latex/xcolor/xcolor.sty
Package: xcolor 2007/01/21 v2.11 LaTeX color extensions (UK)

(/usr/local/texlive/2013/texmf-dist/tex/latex/latexconfig/color.cfg
File: color.cfg 2007/01/18 v1.5 color configuration of teTeX/TeXLive
)
Package xcolor Info: Package option `usenames' ignored on input line 216.
Package xcolor Info: Driver file: xetex.def on input line 225.

(/usr/local/texlive/2013/texmf-dist/tex/xelatex/xetex-def/xetex.def
File: xetex.def 2013/04/29 v0.96 LaTeX color/graphics driver for XeTeX (RRM/JK)

)
Package xcolor Info: Model `cmy' substituted by `cmy0' on input line 1337.
Package xcolor Info: Model `RGB' extended on input line 1353.
Package xcolor Info: Model `HTML' substituted by `rgb' on input line 1355.
Package xcolor Info: Model `Hsb' substituted by `hsb' on input line 1356.
Package xcolor Info: Model `tHsb' substituted by `hsb' on input line 1357.
Package xcolor Info: Model `HSB' substituted by `hsb' on input line 1358.
Package xcolor Info: Model `Gray' substituted by `gray' on input line 1359.
Package xcolor Info: Model `wave' substituted by `hsb' on input line 1360.

(/usr/local/texlive/2013/texmf-dist/tex/latex/graphics/dvipsnam.def
File: dvipsnam.def 1999/02/16 v3.0i Driver-dependant file (DPC,SPQR)
))
(/usr/local/texlive/2013/texmf-dist/tex/latex/titlesec/titlesec.sty
Package: titlesec 2011/12/15 v2.10.0 Sectioning titles
\ttl@box=\box26
\beforetitleunit=\skip43
\aftertitleunit=\skip44
\ttl@plus=\dimen111
\ttl@minus=\dimen112
\ttl@toksa=\toks16
\titlewidth=\dimen113
\titlewidthlast=\dimen114
\titlewidthfirst=\dimen115
)
(/usr/local/texlive/2013/texmf-dist/tex/latex/fontspec/fontspec.sty
Package: fontspec 2013/05/20 v2.3c Font selection for XeLaTeX and LuaLaTeX

(/usr/local/texlive/2013/texmf-dist/tex/latex/l3kernel/expl3.sty
(/usr/local/texlive/2013/texmf-dist/tex/latex/l3kernel/l3names.sty
(/usr/local/texlive/2013/texmf-dist/tex/latex/l3kernel/l3bootstrap.sty
Package: l3bootstrap 2013/12/29 v4629 L3 Experimental bootstrap code
)
Package: l3names 2013/12/29 v4630 L3 Namespace for primitives
)
(/usr/local/texlive/2013/texmf-dist/tex/latex/etex-pkg/etex.sty
Package: etex 1998/03/26 v2.0 eTeX basic definition package (PEB)
\et@xins=\count91
)
Package: expl3 2013/12/31 v4634 L3 Experimental code bundle wrapper

(/usr/local/texlive/2013/texmf-dist/tex/latex/l3kernel/l3basics.sty
Package: l3basics 2013/07/28 v4581 L3 Basic definitions
)
(/usr/local/texlive/2013/texmf-dist/tex/latex/l3kernel/l3expan.sty
Package: l3expan 2013/08/17 v4584 L3 Argument expansion
)
(/usr/local/texlive/2013/texmf-dist/tex/latex/l3kernel/l3tl.sty
Package: l3tl 2013/12/27 v4625 L3 Token lists
)
(/usr/local/texlive/2013/texmf-dist/tex/latex/l3kernel/l3seq.sty
Package: l3seq 2013/12/14 v4623 L3 Sequences and stacks
)
(/usr/local/texlive/2013/texmf-dist/tex/latex/l3kernel/l3int.sty
Package: l3int 2013/08/02 v4583 L3 Integers
\c_max_int=\count92
\l_tmpa_int=\count93
\l_tmpb_int=\count94
\g_tmpa_int=\count95
\g_tmpb_int=\count96
)
(/usr/local/texlive/2013/texmf-dist/tex/latex/l3kernel/l3quark.sty
Package: l3quark 2013/12/14 v4623 L3 Quarks
)
(/usr/local/texlive/2013/texmf-dist/tex/latex/l3kernel/l3prg.sty
Package: l3prg 2013/08/25 v4587 L3 Control structures
\g__prg_map_int=\count97
)
(/usr/local/texlive/2013/texmf-dist/tex/latex/l3kernel/l3clist.sty
Package: l3clist 2013/07/28 v4581 L3 Comma separated lists
)
(/usr/local/texlive/2013/texmf-dist/tex/latex/l3kernel/l3token.sty
Package: l3token 2013/08/25 v4587 L3 Experimental token manipulation
)
(/usr/local/texlive/2013/texmf-dist/tex/latex/l3kernel/l3prop.sty
Package: l3prop 2013/12/14 v4623 L3 Property lists
)
(/usr/local/texlive/2013/texmf-dist/tex/latex/l3kernel/l3msg.sty
Package: l3msg 2013/07/28 v4581 L3 Messages
)
(/usr/local/texlive/2013/texmf-dist/tex/latex/l3kernel/l3file.sty
Package: l3file 2013/10/13 v4596 L3 File and I/O operations
\l_iow_line_count_int=\count98
\l__iow_target_count_int=\count99
\l__iow_current_line_int=\count100
\l__iow_current_word_int=\count101
\l__iow_current_indentation_int=\count102
)
(/usr/local/texlive/2013/texmf-dist/tex/latex/l3kernel/l3skip.sty
Package: l3skip 2013/07/28 v4581 L3 Dimensions and skips
\c_zero_dim=\dimen116
\c_max_dim=\dimen117
\l_tmpa_dim=\dimen118
\l_tmpb_dim=\dimen119
\g_tmpa_dim=\dimen120
\g_tmpb_dim=\dimen121
\c_zero_skip=\skip45
\c_max_skip=\skip46
\l_tmpa_skip=\skip47
\l_tmpb_skip=\skip48
\g_tmpa_skip=\skip49
\g_tmpb_skip=\skip50
\c_zero_muskip=\muskip10
\c_max_muskip=\muskip11
\l_tmpa_muskip=\muskip12
\l_tmpb_muskip=\muskip13
\g_tmpa_muskip=\muskip14
\g_tmpb_muskip=\muskip15
)
(/usr/local/texlive/2013/texmf-dist/tex/latex/l3kernel/l3keys.sty
Package: l3keys 2013/12/08 v4614 L3 Experimental key-value interfaces
\g__keyval_level_int=\count103
\l_keys_choice_int=\count104
)
(/usr/local/texlive/2013/texmf-dist/tex/latex/l3kernel/l3fp.sty
Package: l3fp 2013/12/31 v4633 L3 Floating points
\c__fp_leading_shift_int=\count105
\c__fp_middle_shift_int=\count106
\c__fp_trailing_shift_int=\count107
\c__fp_big_leading_shift_int=\count108
\c__fp_big_middle_shift_int=\count109
\c__fp_big_trailing_shift_int=\count110
\c__fp_Bigg_leading_shift_int=\count111
\c__fp_Bigg_middle_shift_int=\count112
\c__fp_Bigg_trailing_shift_int=\count113
)
(/usr/local/texlive/2013/texmf-dist/tex/latex/l3kernel/l3box.sty
Package: l3box 2013/07/28 v4581 L3 Experimental boxes
\c_empty_box=\box27
\l_tmpa_box=\box28
\l_tmpb_box=\box29
\g_tmpa_box=\box30
\g_tmpb_box=\box31
)
(/usr/local/texlive/2013/texmf-dist/tex/latex/l3kernel/l3coffins.sty
Package: l3coffins 2013/12/14 v4624 L3 Coffin code layer
\l__coffin_internal_box=\box32
\l__coffin_internal_dim=\dimen122
\l__coffin_offset_x_dim=\dimen123
\l__coffin_offset_y_dim=\dimen124
\l__coffin_x_dim=\dimen125
\l__coffin_y_dim=\dimen126
\l__coffin_x_prime_dim=\dimen127
\l__coffin_y_prime_dim=\dimen128
\c_empty_coffin=\box33
\l__coffin_aligned_coffin=\box34
\l__coffin_aligned_internal_coffin=\box35
\l_tmpa_coffin=\box36
\l_tmpb_coffin=\box37
\l__coffin_display_coffin=\box38
\l__coffin_display_coord_coffin=\box39
\l__coffin_display_pole_coffin=\box40
\l__coffin_display_offset_dim=\dimen129
\l__coffin_display_x_dim=\dimen130
\l__coffin_display_y_dim=\dimen131
)
(/usr/local/texlive/2013/texmf-dist/tex/latex/l3kernel/l3color.sty
Package: l3color 2012/08/29 v4156 L3 Experimental color support
)
(/usr/local/texlive/2013/texmf-dist/tex/latex/l3kernel/l3luatex.sty
Package: l3luatex 2013/07/28 v4581 L3 Experimental LuaTeX-specific functions
\g__cctab_allocate_int=\count114
\g__cctab_stack_int=\count115
)
(/usr/local/texlive/2013/texmf-dist/tex/latex/l3kernel/l3candidates.sty
Package: l3candidates 2013/12/31 v4633 L3 Experimental additions to l3kernel
\l__box_top_dim=\dimen132
\l__box_bottom_dim=\dimen133
\l__box_left_dim=\dimen134
\l__box_right_dim=\dimen135
\l__box_top_new_dim=\dimen136
\l__box_bottom_new_dim=\dimen137
\l__box_left_new_dim=\dimen138
\l__box_right_new_dim=\dimen139
\l__box_internal_box=\box41
\l__coffin_bounding_shift_dim=\dimen140
\l__coffin_left_corner_dim=\dimen141
\l__coffin_right_corner_dim=\dimen142
\l__coffin_bottom_corner_dim=\dimen143
\l__coffin_top_corner_dim=\dimen144
\l__coffin_scaled_total_height_dim=\dimen145
\l__coffin_scaled_width_dim=\dimen146
))
(/usr/local/texlive/2013/texmf-dist/tex/latex/l3packages/xparse/xparse.sty
Package: xparse 2013/12/31 v4634 L3 Experimental document command parser
\l__xparse_current_arg_int=\count116
\l__xparse_m_args_int=\count117
\l__xparse_mandatory_args_int=\count118
\l__xparse_processor_int=\count119
\l__xparse_v_nesting_int=\count120
)
\l_fontspec_script_int=\count121
\l_fontspec_language_int=\count122
\l_fontspec_strnum_int=\count123
\l_fontspec_tmpa_dim=\dimen147
\l_fontspec_tmpb_dim=\dimen148
\l_fontspec_tmpc_dim=\dimen149
Variant \tl_gset:cV already defined; not changing it on line 69

(/usr/local/texlive/2013/texmf-dist/tex/latex/fontspec/fontspec-patches.sty
Package: fontspec-patches 2013/05/20 v2.3c Font selection for XeLaTeX and LuaLa
TeX

(/usr/local/texlive/2013/texmf-dist/tex/latex/base/fixltx2e.sty
Package: fixltx2e 2006/09/13 v1.1m fixes to LaTeX
LaTeX Info: Redefining \em on input line 420.
)
LaTeX Info: Redefining \em on input line 22.
LaTeX Info: Redefining \emph on input line 30.
LaTeX Info: Redefining \- on input line 33.

*************************************************
* LaTeX warning: "xparse/redefine-command"
* 
* Redefining document command \oldstylenums with arg. spec. 'm' on line 128.
*************************************************
.................................................
. LaTeX info: "xparse/define-command"
. 
. Defining document command \liningnums with arg. spec. 'm' on line 132.
.................................................
) (/usr/local/texlive/2013/texmf-dist/tex/latex/fontspec/fontspec-xetex.sty
Package: fontspec-xetex 2013/05/20 v2.3c Font selection for XeLaTeX and LuaLaTe
X

(/usr/local/texlive/2013/texmf-dist/tex/latex/base/fontenc.sty
Package: fontenc 2005/09/27 v1.99g Standard LaTeX package

(/usr/local/texlive/2013/texmf-dist/tex/latex/euenc/eu1enc.def
File: eu1enc.def 2010/05/27 v0.1h Experimental Unicode font encodings
)
LaTeX Font Info:    Try loading font information for EU1+lmr on input line 100.


(/usr/local/texlive/2013/texmf-dist/tex/latex/euenc/eu1lmr.fd
File: eu1lmr.fd 2009/10/30 v1.6 Font defs for Latin Modern
))
(/usr/local/texlive/2013/texmf-dist/tex/xelatex/xunicode/xunicode.sty
File: xunicode.sty 2011/09/09 v0.981 provides access to latin accents and many 
other characters in Unicode lower plane

(/usr/local/texlive/2013/texmf-dist/tex/latex/tipa/t3enc.def
File: t3enc.def 2001/12/31 T3 encoding
LaTeX Font Info:    Try loading font information for EU1+lmss on input line 357
.

(/usr/local/texlive/2013/texmf-dist/tex/latex/euenc/eu1lmss.fd
File: eu1lmss.fd 2009/10/30 v1.6 Font defs for Latin Modern
))
\tipaTiiicode=\count124
\tipasavetokens=\toks17
\tipachecktokens=\toks18

(/usr/local/texlive/2013/texmf-dist/tex/latex/graphics/graphicx.sty
Package: graphicx 1999/02/16 v1.0f Enhanced LaTeX Graphics (DPC,SPQR)

(/usr/local/texlive/2013/texmf-dist/tex/latex/graphics/graphics.sty
Package: graphics 2009/02/05 v1.0o Standard LaTeX Graphics (DPC,SPQR)

(/usr/local/texlive/2013/texmf-dist/tex/latex/graphics/trig.sty
Package: trig 1999/03/16 v1.09 sin cos tan (DPC)
)
(/usr/local/texlive/2013/texmf-dist/tex/latex/latexconfig/graphics.cfg
File: graphics.cfg 2010/04/23 v1.9 graphics configuration of TeX Live
)
Package graphics Info: Driver file: xetex.def on input line 91.
)
\Gin@req@height=\dimen150
\Gin@req@width=\dimen151
))
.................................................
. LaTeX info: "xparse/define-command"
. 
. Defining document command \fontspec with arg. spec. 'O{}m' on line 41.
.................................................
.................................................
. LaTeX info: "xparse/define-command"
. 
. Defining document command \setmainfont with arg. spec. 'O{}m' on line 46.
.................................................
.................................................
. LaTeX info: "xparse/define-command"
. 
. Defining document command \setsansfont with arg. spec. 'O{}m' on line 51.
.................................................
.................................................
. LaTeX info: "xparse/define-command"
. 
. Defining document command \setmonofont with arg. spec. 'O{}m' on line 56.
.................................................
.................................................
. LaTeX info: "xparse/define-command"
. 
. Defining document command \setmathrm with arg. spec. 'O{}m' on line 65.
.................................................
.................................................
. LaTeX info: "xparse/define-command"
. 
. Defining document command \setboldmathrm with arg. spec. 'O{}m' on line 69.
.................................................
.................................................
. LaTeX info: "xparse/define-command"
. 
. Defining document command \setmathsf with arg. spec. 'O{}m' on line 73.
.................................................
.................................................
. LaTeX info: "xparse/define-command"
. 
. Defining document command \setmathtt with arg. spec. 'O{}m' on line 77.
.................................................
.................................................
. LaTeX info: "xparse/define-command"
. 
. Defining document command \newfontfamily with arg. spec. 'mO{}m' on line 96.
.................................................
.................................................
. LaTeX info: "xparse/define-command"
. 
. Defining document command \newfontface with arg. spec. 'mO{}m' on line 100.
.................................................
.................................................
. LaTeX info: "xparse/define-command"
. 
. Defining document command \defaultfontfeatures with arg. spec. 'om' on line
. 108.
.................................................
.................................................
. LaTeX info: "xparse/define-command"
. 
. Defining document command \addfontfeatures with arg. spec. 'm' on line 144.
.................................................
.................................................
. LaTeX info: "xparse/define-command"
. 
. Defining document command \newfontfeature with arg. spec. 'mm' on line 156.
.................................................
.................................................
. LaTeX info: "xparse/define-command"
. 
. Defining document command \newAATfeature with arg. spec. 'mmmm' on line 164.
.................................................
.................................................
. LaTeX info: "xparse/define-command"
. 
. Defining document command \newICUfeature with arg. spec. 'mmm' on line 172.
.................................................
.................................................
. LaTeX info: "xparse/define-command"
. 
. Defining document command \aliasfontfeature with arg. spec. 'mm' on line
. 201.
.................................................
.................................................
. LaTeX info: "xparse/define-command"
. 
. Defining document command \aliasfontfeatureoption with arg. spec. 'mmm' on
. line 203.
.................................................
.................................................
. LaTeX info: "xparse/define-command"
. 
. Defining document command \newfontscript with arg. spec. 'mm' on line 208.
.................................................
.................................................
. LaTeX info: "xparse/define-command"
. 
. Defining document command \newfontlanguage with arg. spec. 'mm' on line 235.
.................................................
.................................................
. LaTeX info: "xparse/define-command"
. 
. Defining document command \DeclareFontsExtensions with arg. spec. 'm' on
. line 256.
.................................................
Variant \prop_gput:cnV already defined; not changing it on line 582
Variant \prop_gput:cnx already defined; not changing it on line 583
\l_fontspec_tmp_int=\count125
LaTeX Info: Redefining \itshape on input line 2087.
LaTeX Info: Redefining \slshape on input line 2092.
LaTeX Info: Redefining \scshape on input line 2097.
LaTeX Info: Redefining \upshape on input line 2102.

(/usr/local/texlive/2013/texmf-dist/tex/latex/fontspec/fontspec.cfg)))
(/usr/local/texlive/2013/texmf-dist/tex/latex/xltxtra/xltxtra.sty
Package: xltxtra 2010/09/20 v0.5e Improvements for the "XeLaTeX" format

(/usr/local/texlive/2013/texmf-dist/tex/generic/oberdiek/ifluatex.sty
Package: ifluatex 2010/03/01 v1.3 Provides the ifluatex switch (HO)
Package ifluatex Info: LuaTeX not detected.
)
(/usr/local/texlive/2013/texmf-dist/tex/latex/realscripts/realscripts.sty
Package: realscripts 2013/03/18 v0.3c Access OpenType subscripts and superscrip
ts
.................................................
. LaTeX info: "xparse/define-command"
. 
. Defining document command \fakesubscript with arg. spec. 'm' on line 19.
.................................................
.................................................
. LaTeX info: "xparse/define-command"
. 
. Defining document command \fakesuperscript with arg. spec. 'm' on line 22.
.................................................

*************************************************
* LaTeX warning: "xparse/redefine-command"
* 
* Redefining document command \textsubscript with arg. spec. 's' on line 25.
*************************************************
*************************************************
* LaTeX warning: "xparse/redefine-command"
* 
* Redefining document command \textsuperscript with arg. spec. 's' on line 28.
*************************************************
.................................................
. LaTeX info: "xparse/define-command"
. 
. Defining document command \realsubscript with arg. spec. 'm' on line 45.
.................................................
.................................................
. LaTeX info: "xparse/define-command"
. 
. Defining document command \realsuperscript with arg. spec. 'm' on line 60.
.................................................
.................................................
. LaTeX info: "xparse/define-command"
. 
. Defining document command \textsubsuperscript with arg. spec. 'sO{l}mm' on
. line 138.
.................................................
.................................................
. LaTeX info: "xparse/define-command"
. 
. Defining document command \textsupersubscript with arg. spec. 'sO{l}mm' on
. line 143.
.................................................
\subsupersep=\dimen152
) (/usr/local/texlive/2013/texmf-dist/tex/latex/metalogo/metalogo.sty
Package: metalogo 2010/05/29 v0.12 Extended TeX logo macros
\xl@everylogo=\toks19
\xl@@everylogo=\toks20
LaTeX Info: Redefining \TeX on input line 193.
LaTeX Info: Redefining \LaTeX on input line 202.
LaTeX Info: Redefining \LaTeXe on input line 219.
)
\xxt@tempbox=\box42
)
\g__file_internal_ior=\read1
\g_fontspec_family_Adobe Garamond Pro_int=\count126
.................................................
. fontspec info: "defining-font"
. 
. Font family 'AdobeGaramondPro(0)' created for font 'Adobe Garamond Pro' with
. options [Mapping=tex-text,Numbers=OldStyle].
. 
. This font family consists of the following shapes:
. 
. * 'normal' with NFSS spec.:
. <->"Adobe Garamond
. Pro/ICU:script=latn;language=DFLT;mapping=tex-text;+onum;"
. 
. * 'small caps' with NFSS spec.:
. <->"Adobe Garamond
. Pro/ICU:script=latn;language=DFLT;mapping=tex-text;+onum;+smcp;"
. 
. * 'bold' with NFSS spec.:
. <->"Adobe Garamond
. Pro/B/ICU:script=latn;language=DFLT;mapping=tex-text;+onum;"
. 
. * 'italic' with NFSS spec.:
. <->"Adobe Garamond
. Pro/I/ICU:script=latn;language=DFLT;mapping=tex-text;+onum;"
. 
. * 'bold italic' with NFSS spec.:
. <->"Adobe Garamond
. Pro/BI/ICU:script=latn;language=DFLT;mapping=tex-text;+onum;"
.................................................
.................................................
. fontspec info: "no-scripts"
. 
. Font Gill Sans does not contain any OpenType `Script' information.
.................................................
.................................................
. fontspec info: "set-scale"
. 
. Gill Sans scale = 0.8794117546888995.
.................................................
\g_fontspec_family_Gill Sans_int=\count127
.................................................
. fontspec info: "set-scale"
. 
. Gill Sans scale = 0.8794117546888995.
.................................................
.................................................
. fontspec info: "set-scale"
. 
. Gill Sans/B scale = 0.7886454986378019.
.................................................
.................................................
. fontspec info: "set-scale"
. 
. Gill Sans/I scale = 0.8671728858185872.
.................................................
.................................................
. fontspec info: "set-scale"
. 
. Gill Sans/BI scale = 0.7886454986378019.
.................................................
.................................................
. fontspec info: "defining-font"
. 
. Font family 'GillSans(0)' created for font 'Gill Sans' with options
. [Mapping=tex-text,Scale=MatchLowercase].
. 
. This font family consists of the following shapes:
. 
. * 'normal' with NFSS spec.:
. <->s*[0.8794117546888995]"Gill Sans/AAT:mapping=tex-text;"
. 
. * 'bold' with NFSS spec.:
. <->s*[0.7886454986378019]"Gill Sans/B/AAT:mapping=tex-text;"
. 
. * 'italic' with NFSS spec.:
. <->s*[0.8671728858185872]"Gill Sans/I/AAT:mapping=tex-text;"
. 
. * 'bold italic' with NFSS spec.:
. <->s*[0.7886454986378019]"Gill Sans/BI/AAT:mapping=tex-text;"
.................................................
.................................................
. fontspec info: "no-scripts"
. 
. Font Menlo does not contain any OpenType `Script' information.
.................................................
.................................................
. fontspec info: "set-scale"
. 
. Menlo scale = 0.7231593481225898.
.................................................
\g_fontspec_family_Menlo_int=\count128
.................................................
. fontspec info: "set-scale"
. 
. Menlo scale = 0.7231593481225898.
.................................................
.................................................
. fontspec info: "set-scale"
. 
. Menlo/B scale = 0.7231593481225898.
.................................................
.................................................
. fontspec info: "set-scale"
. 
. Menlo/I scale = 0.7231593481225898.
.................................................
.................................................
. fontspec info: "set-scale"
. 
. Menlo/BI scale = 0.7231593481225898.
.................................................
.................................................
. fontspec info: "defining-font"
. 
. Font family 'Menlo(0)' created for font 'Menlo' with options
. [Mapping=tex-text,Scale=MatchLowercase].
. 
. This font family consists of the following shapes:
. 
. * 'normal' with NFSS spec.:
. <->s*[0.7231593481225898]"Menlo/AAT:mapping=tex-text;"
. 
. * 'bold' with NFSS spec.:
. <->s*[0.7231593481225898]"Menlo/B/AAT:mapping=tex-text;"
. 
. * 'italic' with NFSS spec.:
. <->s*[0.7231593481225898]"Menlo/I/AAT:mapping=tex-text;"
. 
. * 'bold italic' with NFSS spec.:
. <->s*[0.7231593481225898]"Menlo/BI/AAT:mapping=tex-text;"
.................................................

(/usr/local/texlive/2013/texmf-dist/tex/latex/pdfpages/pdfpages.sty
Package: pdfpages 2013/08/25 v0.4v Insert pages of external PDF documents (AM)

(/usr/local/texlive/2013/texmf-dist/tex/latex/base/ifthen.sty
Package: ifthen 2001/05/26 v1.1c Standard LaTeX ifthen package (DPC)
)
(/usr/local/texlive/2013/texmf-dist/tex/latex/tools/calc.sty
Package: calc 2007/08/22 v4.3 Infix arithmetic (KKT,FJ)
\calc@Acount=\count129
\calc@Bcount=\count130
\calc@Adimen=\dimen153
\calc@Bdimen=\dimen154
\calc@Askip=\skip51
\calc@Bskip=\skip52
LaTeX Info: Redefining \setlength on input line 76.
LaTeX Info: Redefining \addtolength on input line 77.
\calc@Ccount=\count131
\calc@Cskip=\skip53
)
(/usr/local/texlive/2013/texmf-dist/tex/latex/eso-pic/eso-pic.sty
Package: eso-pic 2013/10/06 v2.0d eso-pic (RN)

(/usr/local/texlive/2013/texmf-dist/tex/generic/oberdiek/atbegshi.sty
Package: atbegshi 2011/10/05 v1.16 At begin shipout hook (HO)

(/usr/local/texlive/2013/texmf-dist/tex/generic/oberdiek/infwarerr.sty
Package: infwarerr 2010/04/08 v1.3 Providing info/warning/error messages (HO)
)
(/usr/local/texlive/2013/texmf-dist/tex/generic/oberdiek/ltxcmds.sty
Package: ltxcmds 2011/11/09 v1.22 LaTeX kernel commands for general use (HO)
)))
(/usr/local/texlive/2013/texmf-dist/tex/latex/pdfpages/ppxetex.def
File: ppxetex.def 2013/08/25 v0.4v Pdfpages driver for XeTeX (AM)
)
\AM@pagebox=\box43
\AM@toc@title=\toks21
\c@AM@survey=\count132
\AM@templatesizebox=\box44
)
(/usr/local/texlive/2013/texmf-dist/tex/latex/hyperref/hyperref.sty
Package: hyperref 2012/11/06 v6.83m Hypertext links for LaTeX

(/usr/local/texlive/2013/texmf-dist/tex/generic/oberdiek/hobsub-hyperref.sty
Package: hobsub-hyperref 2012/05/28 v1.13 Bundle oberdiek, subset hyperref (HO)


(/usr/local/texlive/2013/texmf-dist/tex/generic/oberdiek/hobsub-generic.sty
Package: hobsub-generic 2012/05/28 v1.13 Bundle oberdiek, subset generic (HO)
Package: hobsub 2012/05/28 v1.13 Construct package bundles (HO)
Package hobsub Info: Skipping package `infwarerr' (already loaded).
Package hobsub Info: Skipping package `ltxcmds' (already loaded).
Package hobsub Info: Skipping package `ifluatex' (already loaded).
Package hobsub Info: Skipping package `ifvtex' (already loaded).
Package: intcalc 2007/09/27 v1.1 Expandable calculations with integers (HO)
Package hobsub Info: Skipping package `ifpdf' (already loaded).
Package: etexcmds 2011/02/16 v1.5 Avoid name clashes with e-TeX commands (HO)
Package etexcmds Info: Could not find \expanded.
(etexcmds)             That can mean that you are not using pdfTeX 1.50 or
(etexcmds)             that some package has redefined \expanded.
(etexcmds)             In the latter case, load this package earlier.
Package: kvsetkeys 2012/04/25 v1.16 Key value parser (HO)
Package: kvdefinekeys 2011/04/07 v1.3 Define keys (HO)
Package: pdftexcmds 2011/11/29 v0.20 Utility functions of pdfTeX for LuaTeX (HO
)
Package pdftexcmds Info: LuaTeX not detected.
Package pdftexcmds Info: pdfTeX >= 1.30 not detected.
Package pdftexcmds Info: \pdf@primitive is available.
Package pdftexcmds Info: \pdf@ifprimitive is available.
Package pdftexcmds Info: \pdfdraftmode not found.
Package: pdfescape 2011/11/25 v1.13 Implements pdfTeX's escape features (HO)
Package: bigintcalc 2012/04/08 v1.3 Expandable calculations on big integers (HO
)
Package: bitset 2011/01/30 v1.1 Handle bit-vector datatype (HO)
Package: uniquecounter 2011/01/30 v1.2 Provide unlimited unique counter (HO)
)
Package hobsub Info: Skipping package `hobsub' (already loaded).
Package: letltxmacro 2010/09/02 v1.4 Let assignment for LaTeX macros (HO)
Package: hopatch 2012/05/28 v1.2 Wrapper for package hooks (HO)
Package: xcolor-patch 2011/01/30 xcolor patch
Package: atveryend 2011/06/30 v1.8 Hooks at the very end of document (HO)
Package atveryend Info: \enddocument detected (standard20110627).
Package hobsub Info: Skipping package `atbegshi' (already loaded).
Package: refcount 2011/10/16 v3.4 Data extraction from label references (HO)
Package: hycolor 2011/01/30 v1.7 Color options for hyperref/bookmark (HO)
)
(/usr/local/texlive/2013/texmf-dist/tex/latex/oberdiek/auxhook.sty
Package: auxhook 2011/03/04 v1.3 Hooks for auxiliary files (HO)
)
(/usr/local/texlive/2013/texmf-dist/tex/latex/oberdiek/kvoptions.sty
Package: kvoptions 2011/06/30 v3.11 Key value format for package options (HO)
)
\@linkdim=\dimen155
\Hy@linkcounter=\count133
\Hy@pagecounter=\count134

(/usr/local/texlive/2013/texmf-dist/tex/latex/hyperref/pd1enc.def
File: pd1enc.def 2012/11/06 v6.83m Hyperref: PDFDocEncoding definition (HO)
)
\Hy@SavedSpaceFactor=\count135

(/usr/local/texlive/2013/texmf-dist/tex/latex/latexconfig/hyperref.cfg
File: hyperref.cfg 2002/06/06 v1.2 hyperref configuration of TeXLive
)
Package hyperref Info: Hyper figures OFF on input line 4443.
Package hyperref Info: Link nesting OFF on input line 4448.
Package hyperref Info: Hyper index ON on input line 4451.
Package hyperref Info: Plain pages OFF on input line 4458.
Package hyperref Info: Backreferencing OFF on input line 4463.
Package hyperref Info: Implicit mode ON; LaTeX internals redefined.
Package hyperref Info: Bookmarks ON on input line 4688.
\c@Hy@tempcnt=\count136

(/usr/local/texlive/2013/texmf-dist/tex/latex/url/url.sty
\Urlmuskip=\muskip16
Package: url 2013/09/16  ver 3.4  Verb mode for urls, etc.
)
LaTeX Info: Redefining \url on input line 5041.
\XeTeXLinkMargin=\dimen156
\Fld@menulength=\count137
\Field@Width=\dimen157
\Fld@charsize=\dimen158
Package hyperref Info: Hyper figures OFF on input line 6295.
Package hyperref Info: Link nesting OFF on input line 6300.
Package hyperref Info: Hyper index ON on input line 6303.
Package hyperref Info: backreferencing OFF on input line 6310.
Package hyperref Info: Link coloring OFF on input line 6315.
Package hyperref Info: Link coloring with OCG OFF on input line 6320.
Package hyperref Info: PDF/A mode OFF on input line 6325.
LaTeX Info: Redefining \ref on input line 6365.
LaTeX Info: Redefining \pageref on input line 6369.
\Hy@abspage=\count138
\c@Item=\count139
\c@Hfootnote=\count140
)

Package hyperref Message: Driver (autodetected): hxetex.

(/usr/local/texlive/2013/texmf-dist/tex/latex/hyperref/hxetex.def
File: hxetex.def 2012/11/06 v6.83m Hyperref driver for XeTeX

(/usr/local/texlive/2013/texmf-dist/tex/latex/hyperref/puenc.def
File: puenc.def 2012/11/06 v6.83m Hyperref: PDF Unicode definition (HO)
)
(/usr/local/texlive/2013/texmf-dist/tex/generic/oberdiek/stringenc.sty
Package: stringenc 2011/12/02 v1.10 Convert strings between diff. encodings (HO
)
)
\pdfm@box=\box45
\c@Hy@AnnotLevel=\count141
\HyField@AnnotCount=\count142
\Fld@listcount=\count143
\c@bookmark@seq@number=\count144

(/usr/local/texlive/2013/texmf-dist/tex/latex/oberdiek/rerunfilecheck.sty
Package: rerunfilecheck 2011/04/15 v1.7 Rerun checks for auxiliary files (HO)
Package rerunfilecheck Info: Feature \pdfmdfivesum is not available
(rerunfilecheck)             (e.g. pdfTeX or LuaTeX with package `pdftexcmds').

(rerunfilecheck)             Therefore file contents cannot be checked efficien
tly
(rerunfilecheck)             and the loading of the package is aborted.
)
\Hy@SectionHShift=\skip54
)
(./uowthesistitlepage_doc.aux)
\openout1 = `uowthesistitlepage_doc.aux'.

LaTeX Font Info:    Checking defaults for OML/cmm/m/it on input line 54.
LaTeX Font Info:    ... okay on input line 54.
LaTeX Font Info:    Checking defaults for T1/cmr/m/n on input line 54.
LaTeX Font Info:    ... okay on input line 54.
LaTeX Font Info:    Checking defaults for OT1/cmr/m/n on input line 54.
LaTeX Font Info:    ... okay on input line 54.
LaTeX Font Info:    Checking defaults for OMS/cmsy/m/n on input line 54.
LaTeX Font Info:    ... okay on input line 54.
LaTeX Font Info:    Checking defaults for OMX/cmex/m/n on input line 54.
LaTeX Font Info:    ... okay on input line 54.
LaTeX Font Info:    Checking defaults for U/cmr/m/n on input line 54.
LaTeX Font Info:    ... okay on input line 54.
LaTeX Font Info:    Checking defaults for EU1/lmr/m/n on input line 54.
LaTeX Font Info:    ... okay on input line 54.
LaTeX Font Info:    Checking defaults for T3/cmr/m/n on input line 54.
LaTeX Font Info:    Try loading font information for T3+cmr on input line 54.

(/usr/local/texlive/2013/texmf-dist/tex/latex/tipa/t3cmr.fd
File: t3cmr.fd 2001/12/31 TIPA font definitions
)
LaTeX Font Info:    ... okay on input line 54.
LaTeX Font Info:    Checking defaults for PD1/pdf/m/n on input line 54.
LaTeX Font Info:    ... okay on input line 54.
LaTeX Font Info:    Checking defaults for PU/pdf/m/n on input line 54.
LaTeX Font Info:    ... okay on input line 54.

*geometry* driver: auto-detecting
*geometry* detected driver: xetex
*geometry* verbose mode - [ preamble ] result:
* driver: xetex
* paper: a4paper
* layout: <same size as paper>
* layoutoffset:(h,v)=(0.0pt,0.0pt)
* modes: 
* h-part:(L,W,R)=(89.62709pt, 418.25368pt, 89.6271pt)
* v-part:(T,H,B)=(101.40665pt, 615.6028pt, 128.0374pt)
* \paperwidth=597.50787pt
* \paperheight=845.04684pt
* \textwidth=418.25368pt
* \textheight=615.6028pt
* \oddsidemargin=17.3571pt
* \evensidemargin=17.3571pt
* \topmargin=-7.86334pt
* \headheight=12.0pt
* \headsep=25.0pt
* \topskip=12.0pt
* \footskip=30.0pt
* \marginparwidth=44.0pt
* \marginparsep=10.0pt
* \columnsep=10.0pt
* \skip\footins=10.8pt plus 4.0pt minus 2.0pt
* \hoffset=0.0pt
* \voffset=0.0pt
* \mag=1000
* \@twocolumnfalse
* \@twosidefalse
* \@mparswitchfalse
* \@reversemarginfalse
* (1in=72.27pt=25.4mm, 1cm=28.453pt)

.................................................
. fontspec info: "setup-math"
. 
. Adjusting the maths setup (use [no-math] to avoid this).
.................................................
\symlegacymaths=\mathgroup4
LaTeX Font Info:    Overwriting symbol font `legacymaths' in version `bold'
(Font)                  OT1/cmr/m/n --> OT1/cmr/bx/n on input line 54.
LaTeX Font Info:    Redeclaring math accent \acute on input line 54.
LaTeX Font Info:    Redeclaring math accent \grave on input line 54.
LaTeX Font Info:    Redeclaring math accent \ddot on input line 54.
LaTeX Font Info:    Redeclaring math accent \tilde on input line 54.
LaTeX Font Info:    Redeclaring math accent \bar on input line 54.
LaTeX Font Info:    Redeclaring math accent \breve on input line 54.
LaTeX Font Info:    Redeclaring math accent \check on input line 54.
LaTeX Font Info:    Redeclaring math accent \hat on input line 54.
LaTeX Font Info:    Redeclaring math accent \dot on input line 54.
LaTeX Font Info:    Redeclaring math accent \mathring on input line 54.
LaTeX Font Info:    Redeclaring math symbol \colon on input line 54.
LaTeX Font Info:    Redeclaring math symbol \Gamma on input line 54.
LaTeX Font Info:    Redeclaring math symbol \Delta on input line 54.
LaTeX Font Info:    Redeclaring math symbol \Theta on input line 54.
LaTeX Font Info:    Redeclaring math symbol \Lambda on input line 54.
LaTeX Font Info:    Redeclaring math symbol \Xi on input line 54.
LaTeX Font Info:    Redeclaring math symbol \Pi on input line 54.
LaTeX Font Info:    Redeclaring math symbol \Sigma on input line 54.
LaTeX Font Info:    Redeclaring math symbol \Upsilon on input line 54.
LaTeX Font Info:    Redeclaring math symbol \Phi on input line 54.
LaTeX Font Info:    Redeclaring math symbol \Psi on input line 54.
LaTeX Font Info:    Redeclaring math symbol \Omega on input line 54.
LaTeX Font Info:    Redeclaring math symbol \mathdollar on input line 54.
LaTeX Font Info:    Redeclaring symbol font `operators' on input line 54.
LaTeX Font Info:    Encoding `OT1' has changed to `EU1' for symbol font
(Font)              `operators' in the math version `normal' on input line 54.
LaTeX Font Info:    Overwriting symbol font `operators' in version `normal'
(Font)                  OT1/cmr/m/n --> EU1/AdobeGaramondPro(0)/m/n on input li
ne 54.
LaTeX Font Info:    Encoding `OT1' has changed to `EU1' for symbol font
(Font)              `operators' in the math version `bold' on input line 54.
LaTeX Font Info:    Overwriting symbol font `operators' in version `bold'
(Font)                  OT1/cmr/bx/n --> EU1/AdobeGaramondPro(0)/m/n on input l
ine 54.
LaTeX Font Info:    Overwriting symbol font `operators' in version `normal'
(Font)                  EU1/AdobeGaramondPro(0)/m/n --> EU1/AdobeGaramondPro(0)
/m/n on input line 54.
LaTeX Font Info:    Overwriting math alphabet `\mathrm' in version `normal'
(Font)                  EU1/AdobeGaramondPro(0)/m/n --> EU1/AdobeGaramondPro(0)
/m/n on input line 54.
LaTeX Font Info:    Overwriting math alphabet `\mathit' in version `normal'
(Font)                  OT1/cmr/m/it --> EU1/AdobeGaramondPro(0)/m/it on input 
line 54.
LaTeX Font Info:    Overwriting math alphabet `\mathbf' in version `normal'
(Font)                  OT1/cmr/bx/n --> EU1/AdobeGaramondPro(0)/bx/n on input 
line 54.
LaTeX Font Info:    Overwriting math alphabet `\mathsf' in version `normal'
(Font)                  OT1/cmss/m/n --> EU1/GillSans(0)/m/n on input line 54.
LaTeX Font Info:    Overwriting math alphabet `\mathtt' in version `normal'
(Font)                  OT1/cmtt/m/n --> EU1/Menlo(0)/m/n on input line 54.
LaTeX Font Info:    Overwriting symbol font `operators' in version `bold'
(Font)                  EU1/AdobeGaramondPro(0)/m/n --> EU1/AdobeGaramondPro(0)
/bx/n on input line 54.
LaTeX Font Info:    Overwriting math alphabet `\mathrm' in version `bold'
(Font)                  EU1/AdobeGaramondPro(0)/m/n --> EU1/AdobeGaramondPro(0)
/bx/n on input line 54.
LaTeX Font Info:    Overwriting math alphabet `\mathit' in version `bold'
(Font)                  OT1/cmr/bx/it --> EU1/AdobeGaramondPro(0)/bx/it on inpu
t line 54.
LaTeX Font Info:    Overwriting math alphabet `\mathsf' in version `bold'
(Font)                  OT1/cmss/bx/n --> EU1/GillSans(0)/bx/n on input line 54
.
LaTeX Font Info:    Overwriting math alphabet `\mathtt' in version `bold'
(Font)                  OT1/cmtt/m/n --> EU1/Menlo(0)/bx/n on input line 54.
\AtBeginShipoutBox=\box46
Package hyperref Info: Link coloring OFF on input line 54.
(/usr/local/texlive/2013/texmf-dist/tex/latex/hyperref/nameref.sty
Package: nameref 2012/10/27 v2.43 Cross-referencing by name of section

(/usr/local/texlive/2013/texmf-dist/tex/generic/oberdiek/gettitlestring.sty
Package: gettitlestring 2010/12/03 v1.4 Cleanup title references (HO)
)
\c@section@level=\count145
)
LaTeX Info: Redefining \ref on input line 54.
LaTeX Info: Redefining \pageref on input line 54.
LaTeX Info: Redefining \nameref on input line 54.

(./uowthesistitlepage_doc.out) (./uowthesistitlepage_doc.out)
\@outlinefile=\write3
\openout3 = `uowthesistitlepage_doc.out'.

LaTeX Font Info:    Font shape `EU1/GillSans(0)/m/n' will be
(Font)              scaled to size 18.23895pt on input line 61.
LaTeX Font Info:    Font shape `EU1/Menlo(0)/m/n' will be
(Font)              scaled to size 14.99834pt on input line 61.
LaTeX Font Info:    External font `cmex10' loaded for size
(Font)              <14.4> on input line 61.
LaTeX Font Info:    External font `cmex10' loaded for size
(Font)              <7> on input line 61.
LaTeX Font Info:    Font shape `EU1/GillSans(0)/m/n' will be
(Font)              scaled to size 15.1962pt on input line 62.

(./uowthesistitlepage_doc.toc
LaTeX Font Info:    External font `cmex10' loaded for size
(Font)              <12> on input line 1.
LaTeX Font Info:    External font `cmex10' loaded for size
(Font)              <8> on input line 1.
LaTeX Font Info:    External font `cmex10' loaded for size
(Font)              <6> on input line 1.
)
\tf@toc=\write4
\openout4 = `uowthesistitlepage_doc.toc'.


(/usr/local/texlive/2013/texmf-dist/tex/generic/oberdiek/se-ascii-print.def
File: se-ascii-print.def 2011/12/02 v1.10 stringenc: Printable ASCII characters

)
LaTeX Font Info:    Font shape `EU1/Menlo(0)/m/n' will be
(Font)              scaled to size 8.67792pt on input line 65.
LaTeX Font Info:    Font shape `EU1/GillSans(0)/m/n' will be
(Font)              scaled to size 12.66348pt on input line 68.
LaTeX Font Info:    Font shape `EU1/Menlo(0)/m/n' will be
(Font)              scaled to size 10.41348pt on input line 68.

Underfull \hbox (badness 10000) in paragraph at lines 69--70

 []


Underfull \hbox (badness 10000) in paragraph at lines 71--72

 []


Underfull \hbox (badness 10000) in paragraph at lines 73--74

 []

[1

]
Underfull \hbox (badness 10000) in paragraph at lines 79--80

 []


Underfull \hbox (badness 10000) in paragraph at lines 81--82

 []


Underfull \hbox (badness 10000) in paragraph at lines 87--88

 []

.................................................
. fontspec info: "defining-font"
. 
. Font family 'AdobeGaramondPro(1)' created for font 'Adobe Garamond Pro' with
. options [Mapping=tex-text,Numbers=OldStyle,VerticalPosition=Superior].
. 
. This font family consists of the following shapes:
. 
. * 'normal' with NFSS spec.:
. <->"Adobe Garamond
. Pro/ICU:script=latn;language=DFLT;mapping=tex-text;+onum;+sups;"
. 
. * 'small caps' with NFSS spec.:
. <->"Adobe Garamond
. Pro/ICU:script=latn;language=DFLT;mapping=tex-text;+onum;+sups;+smcp;"
. 
. * 'bold' with NFSS spec.:
. <->"Adobe Garamond
. Pro/B/ICU:script=latn;language=DFLT;mapping=tex-text;+onum;+sups;"
. 
. * 'italic' with NFSS spec.:
. <->"Adobe Garamond
. Pro/I/ICU:script=latn;language=DFLT;mapping=tex-text;+onum;+sups;"
. 
. * 'bold italic' with NFSS spec.:
. <->"Adobe Garamond
. Pro/BI/ICU:script=latn;language=DFLT;mapping=tex-text;+onum;+sups;"
.................................................
.................................................
. fontspec info: "defining-font"
. 
. Font family 'AdobeGaramondPro(1)' created for font 'Adobe Garamond Pro' with
. options [Mapping=tex-text,Numbers=OldStyle,VerticalPosition=Superior].
. 
. This font family consists of the following shapes:
.................................................
LaTeX Font Info:    Font shape `EU1/Menlo(0)/m/n' will be
(Font)              scaled to size 7.2316pt on input line 89.
LaTeX Font Info:    Font shape `EU1/Menlo(0)/bx/n' will be
(Font)              scaled to size 8.67792pt on input line 98.
[2]
Underfull \hbox (badness 10000) in paragraph at lines 109--110

 []


Underfull \hbox (badness 10000) in paragraph at lines 111--112

 []


Underfull \hbox (badness 10000) in paragraph at lines 115--119

 []

[3] [4] [5] [6] [7] [8]
File: Examples/report.pdf Graphic file (type QTm)
 <use  "Examples/report.pdf" >
File: Examples/report.pdf Graphic file (type QTm)

<use  "Examples/report.pdf" > [9

]
File: Examples/report.pdf Graphic file (type QTm)
 <use  "Examples/report.pdf"  page1>
File: Examples/report.pdf Graphic file (type QTm)

<use  "Examples/report.pdf"  page1>
File: Examples/report.pdf Graphic file (type QTm)
 <use  "Examples/report.pdf"  page1>
File: Examples/report.pdf Graphic file (type QTm)

<use  "Examples/report.pdf"  page1>
File: Examples/report.pdf Graphic file (type QTm)
 <use  "Examples/report.pdf"  page1>
[10]
File: Examples/partialsubject.pdf Graphic file (type QTm)
 <use  "Examples/partialsubject.pdf" >
File: Examples/partialsubject.pdf Graphic file (type QTm)

<use  "Examples/partialsubject.pdf" >
File: Examples/partialsubject.pdf Graphic file (type QTm)

<use  "Examples/partialsubject.pdf"  page1>
File: Examples/partialsubject.pdf Graphic file (type QTm)

<use  "Examples/partialsubject.pdf"  page1>
File: Examples/partialsubject.pdf Graphic file (type QTm)

<use  "Examples/partialsubject.pdf"  page1>
File: Examples/partialsubject.pdf Graphic file (type QTm)

<use  "Examples/partialsubject.pdf"  page1>
File: Examples/partialsubject.pdf Graphic file (type QTm)

<use  "Examples/partialsubject.pdf"  page1> [11]
File: Examples/fullsubject.pdf Graphic file (type QTm)

<use  "Examples/fullsubject.pdf" >
File: Examples/fullsubject.pdf Graphic file (type QTm)
 <use  "Examples/fullsubject.pdf" >
File: Examples/fullsubject.pdf Graphic file (type QTm)

<use  "Examples/fullsubject.pdf"  page1>
File: Examples/fullsubject.pdf Graphic file (type QTm)

<use  "Examples/fullsubject.pdf"  page1>
File: Examples/fullsubject.pdf Graphic file (type QTm)

<use  "Examples/fullsubject.pdf"  page1>
File: Examples/fullsubject.pdf Graphic file (type QTm)

<use  "Examples/fullsubject.pdf"  page1>
File: Examples/fullsubject.pdf Graphic file (type QTm)

<use  "Examples/fullsubject.pdf"  page1> [12]
File: Examples/honours.pdf Graphic file (type QTm)
 <use  "Examples/honours.pdf" >
File: Examples/honours.pdf Graphic file (type QTm)

<use  "Examples/honours.pdf" >
File: Examples/honours.pdf Graphic file (type QTm)
 <use  "Examples/honours.pdf"  page1>
File: Examples/honours.pdf Graphic file (type QTm)

<use  "Examples/honours.pdf"  page1>
File: Examples/honours.pdf Graphic file (type QTm)
 <use  "Examples/honours.pdf"  page1>
File: Examples/honours.pdf Graphic file (type QTm)

<use  "Examples/honours.pdf"  page1>
File: Examples/honours.pdf Graphic file (type QTm)
 <use  "Examples/honours.pdf"  page1>
[13]
File: Examples/mastersbycoursework.pdf Graphic file (type QTm)
 <use  "Examples/mastersbycoursework.pdf" >
File: Examples/mastersbycoursework.pdf Graphic file (type QTm)

<use  "Examples/mastersbycoursework.pdf" >
File: Examples/mastersbycoursework.pdf Graphic file (type QTm)

<use  "Examples/mastersbycoursework.pdf"  page1>
File: Examples/mastersbycoursework.pdf Graphic file (type QTm)

<use  "Examples/mastersbycoursework.pdf"  page1>
File: Examples/mastersbycoursework.pdf Graphic file (type QTm)

<use  "Examples/mastersbycoursework.pdf"  page1>
File: Examples/mastersbycoursework.pdf Graphic file (type QTm)

<use  "Examples/mastersbycoursework.pdf"  page1>
File: Examples/mastersbycoursework.pdf Graphic file (type QTm)

<use  "Examples/mastersbycoursework.pdf"  page1> [14]
File: Examples/mastersbyresearch.pdf Graphic file (type QTm)

<use  "Examples/mastersbyresearch.pdf" >
File: Examples/mastersbyresearch.pdf Graphic file (type QTm)

<use  "Examples/mastersbyresearch.pdf" >
File: Examples/mastersbyresearch.pdf Graphic file (type QTm)

<use  "Examples/mastersbyresearch.pdf"  page1>
File: Examples/mastersbyresearch.pdf Graphic file (type QTm)

<use  "Examples/mastersbyresearch.pdf"  page1>
File: Examples/mastersbyresearch.pdf Graphic file (type QTm)

<use  "Examples/mastersbyresearch.pdf"  page1>
File: Examples/mastersbyresearch.pdf Graphic file (type QTm)

<use  "Examples/mastersbyresearch.pdf"  page1>
File: Examples/mastersbyresearch.pdf Graphic file (type QTm)

<use  "Examples/mastersbyresearch.pdf"  page1> [15]
File: Examples/phd.pdf Graphic file (type QTm)
 <use  "Examples/phd.pdf" >
File: Examples/phd.pdf Graphic file (type QTm)

<use  "Examples/phd.pdf" >
File: Examples/phd.pdf Graphic file (type QTm)
 <use  "Examples/phd.pdf"  page1>
File: Examples/phd.pdf Graphic file (type QTm)

<use  "Examples/phd.pdf"  page1>
File: Examples/phd.pdf Graphic file (type QTm)
 <use  "Examples/phd.pdf"  page1>
File: Examples/phd.pdf Graphic file (type QTm)

<use  "Examples/phd.pdf"  page1>
File: Examples/phd.pdf Graphic file (type QTm)
 <use  "Examples/phd.pdf"  page1> [16]
File: Examples/phd_a5.pdf Graphic file (type QTm)

<use  "Examples/phd_a5.pdf" >
File: Examples/phd_a5.pdf Graphic file (type QTm)
 <use  "Examples/phd_a5.pdf" >
File: Examples/phd_a5.pdf Graphic file (type QTm)

<use  "Examples/phd_a5.pdf"  page1>
File: Examples/phd_a5.pdf Graphic file (type QTm)
 <use  "Examples/phd_a5.pdf"  page1>
File: Examples/phd_a5.pdf Graphic file (type QTm)

<use  "Examples/phd_a5.pdf"  page1>
File: Examples/phd_a5.pdf Graphic file (type QTm)
 <use  "Examples/phd_a5.pdf"  page1>
File: Examples/phd_a5.pdf Graphic file (type QTm)

<use  "Examples/phd_a5.pdf"  page1> [17]
File: Examples/phd_cosupervisor.pdf Graphic file (type QTm)

<use  "Examples/phd_cosupervisor.pdf" >
File: Examples/phd_cosupervisor.pdf Graphic file (type QTm)

<use  "Examples/phd_cosupervisor.pdf" >
File: Examples/phd_cosupervisor.pdf Graphic file (type QTm)

<use  "Examples/phd_cosupervisor.pdf"  page1>
File: Examples/phd_cosupervisor.pdf Graphic file (type QTm)

<use  "Examples/phd_cosupervisor.pdf"  page1>
File: Examples/phd_cosupervisor.pdf Graphic file (type QTm)

<use  "Examples/phd_cosupervisor.pdf"  page1>
File: Examples/phd_cosupervisor.pdf Graphic file (type QTm)

<use  "Examples/phd_cosupervisor.pdf"  page1>
File: Examples/phd_cosupervisor.pdf Graphic file (type QTm)

<use  "Examples/phd_cosupervisor.pdf"  page1> [18]
File: Examples/phd_cosupervisor_horizontal.pdf Graphic file (type QTm)

<use  "Examples/phd_cosupervisor_horizontal.pdf" >
File: Examples/phd_cosupervisor_horizontal.pdf Graphic file (type QTm)

<use  "Examples/phd_cosupervisor_horizontal.pdf" >
File: Examples/phd_cosupervisor_horizontal.pdf Graphic file (type QTm)

<use  "Examples/phd_cosupervisor_horizontal.pdf"  page1>
File: Examples/phd_cosupervisor_horizontal.pdf Graphic file (type QTm)

<use  "Examples/phd_cosupervisor_horizontal.pdf"  page1>
File: Examples/phd_cosupervisor_horizontal.pdf Graphic file (type QTm)

<use  "Examples/phd_cosupervisor_horizontal.pdf"  page1>
File: Examples/phd_cosupervisor_horizontal.pdf Graphic file (type QTm)

<use  "Examples/phd_cosupervisor_horizontal.pdf"  page1>
File: Examples/phd_cosupervisor_horizontal.pdf Graphic file (type QTm)

<use  "Examples/phd_cosupervisor_horizontal.pdf"  page1> [19]
File: Examples/phd_noschool.pdf Graphic file (type QTm)

<use  "Examples/phd_noschool.pdf" >
File: Examples/phd_noschool.pdf Graphic file (type QTm)
 <use  "Examples/phd_noschool.pdf" >
File: Examples/phd_noschool.pdf Graphic file (type QTm)

<use  "Examples/phd_noschool.pdf"  page1>
File: Examples/phd_noschool.pdf Graphic file (type QTm)

<use  "Examples/phd_noschool.pdf"  page1>
File: Examples/phd_noschool.pdf Graphic file (type QTm)

<use  "Examples/phd_noschool.pdf"  page1>
File: Examples/phd_noschool.pdf Graphic file (type QTm)

<use  "Examples/phd_noschool.pdf"  page1>
File: Examples/phd_noschool.pdf Graphic file (type QTm)

<use  "Examples/phd_noschool.pdf"  page1> [20]
File: Examples/phd_noschool_school-AIIM.pdf Graphic file (type QTm)

<use  "Examples/phd_noschool_school-AIIM.pdf" >
File: Examples/phd_noschool_school-AIIM.pdf Graphic file (type QTm)

<use  "Examples/phd_noschool_school-AIIM.pdf" >
File: Examples/phd_noschool_school-AIIM.pdf Graphic file (type QTm)

<use  "Examples/phd_noschool_school-AIIM.pdf"  page1>
File: Examples/phd_noschool_school-AIIM.pdf Graphic file (type QTm)

<use  "Examples/phd_noschool_school-AIIM.pdf"  page1>
File: Examples/phd_noschool_school-AIIM.pdf Graphic file (type QTm)

<use  "Examples/phd_noschool_school-AIIM.pdf"  page1>
File: Examples/phd_noschool_school-AIIM.pdf Graphic file (type QTm)

<use  "Examples/phd_noschool_school-AIIM.pdf"  page1>
File: Examples/phd_noschool_school-AIIM.pdf Graphic file (type QTm)

<use  "Examples/phd_noschool_school-AIIM.pdf"  page1> [21]
File: Examples/phd_nosupervisor.pdf Graphic file (type QTm)

<use  "Examples/phd_nosupervisor.pdf" >
File: Examples/phd_nosupervisor.pdf Graphic file (type QTm)

<use  "Examples/phd_nosupervisor.pdf" >
File: Examples/phd_nosupervisor.pdf Graphic file (type QTm)

<use  "Examples/phd_nosupervisor.pdf"  page1>
File: Examples/phd_nosupervisor.pdf Graphic file (type QTm)

<use  "Examples/phd_nosupervisor.pdf"  page1>
File: Examples/phd_nosupervisor.pdf Graphic file (type QTm)

<use  "Examples/phd_nosupervisor.pdf"  page1>
File: Examples/phd_nosupervisor.pdf Graphic file (type QTm)

<use  "Examples/phd_nosupervisor.pdf"  page1>
File: Examples/phd_nosupervisor.pdf Graphic file (type QTm)

<use  "Examples/phd_nosupervisor.pdf"  page1> [22]
File: Examples/phd_nosupervisor_noschool.pdf Graphic file (type QTm)

<use  "Examples/phd_nosupervisor_noschool.pdf" >
File: Examples/phd_nosupervisor_noschool.pdf Graphic file (type QTm)

<use  "Examples/phd_nosupervisor_noschool.pdf" >
File: Examples/phd_nosupervisor_noschool.pdf Graphic file (type QTm)

<use  "Examples/phd_nosupervisor_noschool.pdf"  page1>
File: Examples/phd_nosupervisor_noschool.pdf Graphic file (type QTm)

<use  "Examples/phd_nosupervisor_noschool.pdf"  page1>
File: Examples/phd_nosupervisor_noschool.pdf Graphic file (type QTm)

<use  "Examples/phd_nosupervisor_noschool.pdf"  page1>
File: Examples/phd_nosupervisor_noschool.pdf Graphic file (type QTm)

<use  "Examples/phd_nosupervisor_noschool.pdf"  page1>
File: Examples/phd_nosupervisor_noschool.pdf Graphic file (type QTm)

<use  "Examples/phd_nosupervisor_noschool.pdf"  page1> [23]
File: Examples/other.pdf Graphic file (type QTm)

<use  "Examples/other.pdf" >
File: Examples/other.pdf Graphic file (type QTm)
 <use  "Examples/other.pdf" >
File: Examples/other.pdf Graphic file (type QTm)

<use  "Examples/other.pdf"  page1>
File: Examples/other.pdf Graphic file (type QTm)
 <use  "Examples/other.pdf"  page1>
File: Examples/other.pdf Graphic file (type QTm)

<use  "Examples/other.pdf"  page1>
File: Examples/other.pdf Graphic file (type QTm)
 <use  "Examples/other.pdf"  page1>
File: Examples/other.pdf Graphic file (type QTm)

<use  "Examples/other.pdf"  page1> [24]
File: Examples/word.pdf Graphic file (type QTm)
 <use  "Examples/word.pdf" >
File: Examples/word.pdf Graphic file (type QTm)

<use  "Examples/word.pdf" >
File: Examples/word.pdf Graphic file (type QTm)
 <use  "Examples/word.pdf"  page1>
File: Examples/word.pdf Graphic file (type QTm)

<use  "Examples/word.pdf"  page1>
File: Examples/word.pdf Graphic file (type QTm)
 <use  "Examples/word.pdf"  page1>
File: Examples/word.pdf Graphic file (type QTm)

<use  "Examples/word.pdf"  page1>
File: Examples/word.pdf Graphic file (type QTm)
 <use  "Examples/word.pdf"  page1> [25]
File: Examples/declaration_report.pdf Graphic file (type QTm)

<use  "Examples/declaration_report.pdf" >
File: Examples/declaration_report.pdf Graphic file (type QTm)

<use  "Examples/declaration_report.pdf" >
File: Examples/declaration_report.pdf Graphic file (type QTm)

<use  "Examples/declaration_report.pdf"  page1>
File: Examples/declaration_report.pdf Graphic file (type QTm)

<use  "Examples/declaration_report.pdf"  page1>
File: Examples/declaration_report.pdf Graphic file (type QTm)

<use  "Examples/declaration_report.pdf"  page1>
File: Examples/declaration_report.pdf Graphic file (type QTm)

<use  "Examples/declaration_report.pdf"  page1>
File: Examples/declaration_report.pdf Graphic file (type QTm)

<use  "Examples/declaration_report.pdf"  page1> [26]
File: Examples/declaration_fullsubject.pdf Graphic file (type QTm)

<use  "Examples/declaration_fullsubject.pdf" >
File: Examples/declaration_fullsubject.pdf Graphic file (type QTm)

<use  "Examples/declaration_fullsubject.pdf" >
File: Examples/declaration_fullsubject.pdf Graphic file (type QTm)

<use  "Examples/declaration_fullsubject.pdf"  page1>
File: Examples/declaration_fullsubject.pdf Graphic file (type QTm)

<use  "Examples/declaration_fullsubject.pdf"  page1>
File: Examples/declaration_fullsubject.pdf Graphic file (type QTm)

<use  "Examples/declaration_fullsubject.pdf"  page1>
File: Examples/declaration_fullsubject.pdf Graphic file (type QTm)

<use  "Examples/declaration_fullsubject.pdf"  page1>
File: Examples/declaration_fullsubject.pdf Graphic file (type QTm)

<use  "Examples/declaration_fullsubject.pdf"  page1> [27]
File: Examples/declaration_honours.pdf Graphic file (type QTm)

<use  "Examples/declaration_honours.pdf" >
File: Examples/declaration_honours.pdf Graphic file (type QTm)

<use  "Examples/declaration_honours.pdf" >
File: Examples/declaration_honours.pdf Graphic file (type QTm)

<use  "Examples/declaration_honours.pdf"  page1>
File: Examples/declaration_honours.pdf Graphic file (type QTm)

<use  "Examples/declaration_honours.pdf"  page1>
File: Examples/declaration_honours.pdf Graphic file (type QTm)

<use  "Examples/declaration_honours.pdf"  page1>
File: Examples/declaration_honours.pdf Graphic file (type QTm)

<use  "Examples/declaration_honours.pdf"  page1>
File: Examples/declaration_honours.pdf Graphic file (type QTm)

<use  "Examples/declaration_honours.pdf"  page1> [28]
File: Examples/declaration_phd.pdf Graphic file (type QTm)

<use  "Examples/declaration_phd.pdf" >
File: Examples/declaration_phd.pdf Graphic file (type QTm)
 <use  "Examples/declaration_phd.pdf" >
File: Examples/declaration_phd.pdf Graphic file (type QTm)

<use  "Examples/declaration_phd.pdf"  page1>
File: Examples/declaration_phd.pdf Graphic file (type QTm)

<use  "Examples/declaration_phd.pdf"  page1>
File: Examples/declaration_phd.pdf Graphic file (type QTm)

<use  "Examples/declaration_phd.pdf"  page1>
File: Examples/declaration_phd.pdf Graphic file (type QTm)

<use  "Examples/declaration_phd.pdf"  page1>
File: Examples/declaration_phd.pdf Graphic file (type QTm)

<use  "Examples/declaration_phd.pdf"  page1> [29]
Package atveryend Info: Empty hook `BeforeClearDocument' on input line 304.
Package atveryend Info: Empty hook `AfterLastShipout' on input line 304.
 (./uowthesistitlepage_doc.aux)
Package atveryend Info: Empty hook `AtVeryEndDocument' on input line 304.
Package atveryend Info: Empty hook `AtEndAfterFileList' on input line 304.
Package atveryend Info: Empty hook `AtVeryVeryEnd' on input line 304.
 ) 
Here is how much of TeX's memory you used:
 21992 strings out of 493934
 406581 string characters out of 6148803
 466893 words of memory out of 5000000
 24990 multiletter control sequences out of 15000+600000
 8041 words of font info for 76 fonts, out of 8000000 for 9000
 1144 hyphenation exceptions out of 8191
 46i,18n,88p,10436b,454s stack positions out of 5000i,500n,10000p,200000b,80000s

Output written on uowthesistitlepage_doc.pdf (29 pages).
